1659222097.919287 client started (11410): version 3.3a, socket /private/tmp/tmux-501/default, protocol 8
1659222097.919503 on Darwin 21.6.0 Darwin Kernel Version 21.6.0: Sat Jun 18 17:07:22 PDT 2022; root:xnu-8020.140.41~1/RELEASE_ARM64_T6000
1659222097.921072 using libevent 2.1.12-stable (select); utf8proc 2.7.0; ncurses 6.3
1659222097.921121 flags are 0x10010000
1659222097.921136 socket is /private/tmp/tmux-501/default
1659222097.921179 trying connect
1659222097.921294 add peer 0x118028000: 6 (0x0)
1659222097.924257 sending message 100 to peer 0x118028000 (4 bytes)
1659222097.924292 sending message 111 to peer 0x118028000 (8 bytes)
1659222097.924303 sending message 101 to peer 0x118028000 (16 bytes)
1659222097.924313 sending message 109 to peer 0x118028000 (4 bytes)
1659222097.924321 sending message 102 to peer 0x118028000 (13 bytes)
1659222097.924330 sending message 108 to peer 0x118028000 (69 bytes)
1659222097.924339 sending message 112 to peer 0x118028000 (70 bytes)
1659222097.924347 sending message 112 to peer 0x118028000 (5 bytes)
1659222097.924356 sending message 112 to peer 0x118028000 (5 bytes)
1659222097.924364 sending message 112 to peer 0x118028000 (6 bytes)
1659222097.924372 sending message 112 to peer 0x118028000 (6 bytes)
1659222097.924380 sending message 112 to peer 0x118028000 (11 bytes)
1659222097.924387 sending message 112 to peer 0x118028000 (10 bytes)
1659222097.924395 sending message 112 to peer 0x118028000 (13 bytes)
1659222097.924403 sending message 112 to peer 0x118028000 (13 bytes)
1659222097.924411 sending message 112 to peer 0x118028000 (18 bytes)
1659222097.924419 sending message 112 to peer 0x118028000 (11 bytes)
1659222097.924427 sending message 112 to peer 0x118028000 (21 bytes)
1659222097.924435 sending message 112 to peer 0x118028000 (13 bytes)
1659222097.924443 sending message 112 to peer 0x118028000 (7 bytes)
1659222097.924451 sending message 112 to peer 0x118028000 (13 bytes)
1659222097.924459 sending message 112 to peer 0x118028000 (7 bytes)
1659222097.924467 sending message 112 to peer 0x118028000 (13 bytes)
1659222097.924475 sending message 112 to peer 0x118028000 (9 bytes)
1659222097.924483 sending message 112 to peer 0x118028000 (21 bytes)
1659222097.924491 sending message 112 to peer 0x118028000 (13 bytes)
1659222097.924499 sending message 112 to peer 0x118028000 (8 bytes)
1659222097.924507 sending message 112 to peer 0x118028000 (12 bytes)
1659222097.924514 sending message 112 to peer 0x118028000 (13 bytes)
1659222097.924522 sending message 112 to peer 0x118028000 (9 bytes)
1659222097.924530 sending message 112 to peer 0x118028000 (9 bytes)
1659222097.924538 sending message 112 to peer 0x118028000 (12 bytes)
1659222097.924546 sending message 112 to peer 0x118028000 (8 bytes)
1659222097.924554 sending message 112 to peer 0x118028000 (7 bytes)
1659222097.924562 sending message 112 to peer 0x118028000 (7 bytes)
1659222097.924570 sending message 112 to peer 0x118028000 (9 bytes)
1659222097.924578 sending message 112 to peer 0x118028000 (13 bytes)
1659222097.924586 sending message 112 to peer 0x118028000 (9 bytes)
1659222097.924594 sending message 112 to peer 0x118028000 (15 bytes)
1659222097.924602 sending message 112 to peer 0x118028000 (13 bytes)
1659222097.924609 sending message 112 to peer 0x118028000 (12 bytes)
1659222097.924617 sending message 112 to peer 0x118028000 (8 bytes)
1659222097.924625 sending message 112 to peer 0x118028000 (14 bytes)
1659222097.924633 sending message 112 to peer 0x118028000 (9 bytes)
1659222097.924641 sending message 112 to peer 0x118028000 (10 bytes)
1659222097.924649 sending message 112 to peer 0x118028000 (10 bytes)
1659222097.924657 sending message 112 to peer 0x118028000 (10 bytes)
1659222097.924665 sending message 112 to peer 0x118028000 (10 bytes)
1659222097.924673 sending message 112 to peer 0x118028000 (11 bytes)
1659222097.924681 sending message 112 to peer 0x118028000 (10 bytes)
1659222097.924689 sending message 112 to peer 0x118028000 (8 bytes)
1659222097.924697 sending message 112 to peer 0x118028000 (11 bytes)
1659222097.924705 sending message 112 to peer 0x118028000 (11 bytes)
1659222097.924729 sending message 112 to peer 0x118028000 (11 bytes)
1659222097.924735 sending message 112 to peer 0x118028000 (8 bytes)
1659222097.924740 sending message 112 to peer 0x118028000 (8 bytes)
1659222097.924745 sending message 112 to peer 0x118028000 (8 bytes)
1659222097.924750 sending message 112 to peer 0x118028000 (10 bytes)
1659222097.924755 sending message 112 to peer 0x118028000 (10 bytes)
1659222097.924760 sending message 112 to peer 0x118028000 (10 bytes)
1659222097.924764 sending message 112 to peer 0x118028000 (10 bytes)
1659222097.924769 sending message 112 to peer 0x118028000 (10 bytes)
1659222097.924774 sending message 112 to peer 0x118028000 (11 bytes)
1659222097.924779 sending message 112 to peer 0x118028000 (11 bytes)
1659222097.924784 sending message 112 to peer 0x118028000 (10 bytes)
1659222097.924789 sending message 112 to peer 0x118028000 (9 bytes)
1659222097.924794 sending message 112 to peer 0x118028000 (9 bytes)
1659222097.924799 sending message 112 to peer 0x118028000 (12 bytes)
1659222097.924804 sending message 112 to peer 0x118028000 (9 bytes)
1659222097.924809 sending message 112 to peer 0x118028000 (6 bytes)
1659222097.924815 sending message 112 to peer 0x118028000 (13 bytes)
1659222097.924820 sending message 112 to peer 0x118028000 (8 bytes)
1659222097.924825 sending message 112 to peer 0x118028000 (15 bytes)
1659222097.924830 sending message 112 to peer 0x118028000 (13 bytes)
1659222097.924835 sending message 112 to peer 0x118028000 (70 bytes)
1659222097.924840 sending message 112 to peer 0x118028000 (69 bytes)
1659222097.924845 sending message 112 to peer 0x118028000 (10 bytes)
1659222097.924850 sending message 112 to peer 0x118028000 (8 bytes)
1659222097.924855 sending message 112 to peer 0x118028000 (15 bytes)
1659222097.924861 sending message 112 to peer 0x118028000 (13 bytes)
1659222097.924865 sending message 112 to peer 0x118028000 (10 bytes)
1659222097.924870 sending message 112 to peer 0x118028000 (10 bytes)
1659222097.924875 sending message 112 to peer 0x118028000 (5 bytes)
1659222097.924880 sending message 112 to peer 0x118028000 (15 bytes)
1659222097.924888 sending message 104 to peer 0x118028000 (0 bytes)
1659222097.924894 sending message 110 to peer 0x118028000 (0 bytes)
1659222097.924899 sending message 107 to peer 0x118028000 (4 bytes)
1659222097.924904 sending message 105 to peer 0x118028000 (24 bytes)
1659222097.924909 sending message 105 to peer 0x118028000 (37 bytes)
1659222097.924914 sending message 105 to peer 0x118028000 (30 bytes)
1659222097.924920 sending message 105 to peer 0x118028000 (34 bytes)
1659222097.924925 sending message 105 to peer 0x118028000 (60 bytes)
1659222097.924930 sending message 105 to peer 0x118028000 (17 bytes)
1659222097.924935 sending message 105 to peer 0x118028000 (20 bytes)
1659222097.924940 sending message 105 to peer 0x118028000 (93 bytes)
1659222097.924945 sending message 105 to peer 0x118028000 (76 bytes)
1659222097.924950 sending message 105 to peer 0x118028000 (124 bytes)
1659222097.924955 sending message 105 to peer 0x118028000 (73 bytes)
1659222097.924960 sending message 105 to peer 0x118028000 (15 bytes)
1659222097.924965 sending message 105 to peer 0x118028000 (8 bytes)
1659222097.924971 sending message 105 to peer 0x118028000 (66 bytes)
1659222097.924976 sending message 105 to peer 0x118028000 (21 bytes)
1659222097.924980 sending message 105 to peer 0x118028000 (18 bytes)
1659222097.924986 sending message 105 to peer 0x118028000 (26 bytes)
1659222097.924991 sending message 105 to peer 0x118028000 (53 bytes)
1659222097.924996 sending message 105 to peer 0x118028000 (57 bytes)
1659222097.925001 sending message 105 to peer 0x118028000 (42 bytes)
1659222097.925006 sending message 105 to peer 0x118028000 (13 bytes)
1659222097.925012 sending message 105 to peer 0x118028000 (17 bytes)
1659222097.925017 sending message 105 to peer 0x118028000 (14 bytes)
1659222097.925022 sending message 105 to peer 0x118028000 (19 bytes)
1659222097.925027 sending message 105 to peer 0x118028000 (40 bytes)
1659222097.925043 sending message 105 to peer 0x118028000 (25 bytes)
1659222097.925048 sending message 106 to peer 0x118028000 (0 bytes)
1659222097.925114 sending message 200 to peer 0x118028000 (4 bytes)
1659222097.925121 client loop enter
1659222097.925309 peer 0x118028000 message 303
1659222097.925331 open write file 2 -
1659222097.925379 sending message 305 to peer 0x118028000 (8 bytes)
1659222097.925397 write check file 2
1659222097.925462 peer 0x118028000 message 304
1659222097.925472 write 58 to file 2
1659222097.925479 peer 0x118028000 message 203
1659222097.925485 file 2 58 bytes left
1659222097.925503 write check file 2
1659222097.925509 client loop exit
